mode: set
internship_project/repositories/productRepository.go:16.81,20.16 4 1
internship_project/repositories/productRepository.go:23.2,23.18 1 1
internship_project/repositories/productRepository.go:31.2,31.22 1 1
internship_project/repositories/productRepository.go:20.16,22.3 1 0
internship_project/repositories/productRepository.go:23.18,26.17 3 1
internship_project/repositories/productRepository.go:29.3,29.39 1 1
internship_project/repositories/productRepository.go:26.17,28.4 1 0
internship_project/repositories/productRepository.go:34.84,39.16 3 1
internship_project/repositories/productRepository.go:42.2,42.21 1 1
internship_project/repositories/productRepository.go:39.16,41.3 1 0
internship_project/repositories/productRepository.go:45.80,51.16 4 1
internship_project/repositories/productRepository.go:54.2,54.12 1 1
internship_project/repositories/productRepository.go:51.16,53.3 1 0
internship_project/repositories/productRepository.go:57.82,61.16 2 1
internship_project/repositories/productRepository.go:64.2,64.36 1 1
internship_project/repositories/productRepository.go:67.2,67.12 1 1
internship_project/repositories/productRepository.go:61.16,63.3 1 0
internship_project/repositories/productRepository.go:64.36,66.3 1 0
internship_project/repositories/productRepository.go:70.69,72.16 2 1
internship_project/repositories/productRepository.go:75.2,75.36 1 1
internship_project/repositories/productRepository.go:78.2,78.12 1 1
internship_project/repositories/productRepository.go:72.16,74.3 1 0
internship_project/repositories/productRepository.go:75.36,77.3 1 0
